Voltages to calculate (in V):  -1.200  1.200
Tersoff-Hamman calculation

     Program WFCK2R v.7.0 starts on 26Jan2022 at 16:18: 3 

     This program is part of the open-source Quantum ESPRESSO suite
     for quantum simulation of materials; please cite
         "P. Giannozzi et al., J. Phys.:Condens. Matter 21 395502 (2009);
         "P. Giannozzi et al., J. Phys.:Condens. Matter 29 465901 (2017);
         "P. Giannozzi et al., J. Chem. Phys. 152 154105 (2020);
          URL http://www.quantum-espresso.org", 
     in publications or presentations arising from this work. More details at
     http://www.quantum-espresso.org/quote

     Parallel version (MPI), running on     1 processors

     MPI processes distributed on     1 nodes
     80843 MiB available memory on the printing compute node when the environment starts
 

     Reading xml data from directory:

     ./tmp/cu.save/

     IMPORTANT: XC functional enforced from input :
     Exchange-correlation= PBE
                           (   1   4   3   4   0   0   0)
     Any further DFT definition will be discarded
     Please, verify this is what you really want

 
     G-vector sticks info
     --------------------
     sticks:   dense  smooth     PW     G-vecs:    dense   smooth      PW
     Sum        3209    3209    853               383067   383067   52303
 
     Using Slab Decomposition
 

     Check: negative core charge=   -0.001277
 DIMENSIONS for this run::
 Number of bands and Kpoints and spins         500           5           1
 ngx, ngy, ngz=          72          72         180
 Efermi (eV)=   2.77051960549726     
 CELL from QE::
          A (:,1)   14.2189102326616       0.000000000000000E+000
  0.000000000000000E+000
          A (:,2)  0.000000000000000E+000   14.2189102326616     
  0.000000000000000E+000
          A (:,3)  0.000000000000000E+000  0.000000000000000E+000
   39.6842486171412     
  0.441889371574114       0.000000000000000E+000  0.000000000000000E+000
  0.999999972172466     
  0.000000000000000E+000  0.441889371574114       0.000000000000000E+000
  0.999999972172466     
  0.000000000000000E+000  0.000000000000000E+000  0.158329451259048     
  0.999999972172466     
  Calculating kpoint    1 ...
 gx (1:3)=  0.000000000000000E+000  0.441889371574114     
  0.883778743148228     
    Reading and matching wavefunctions ...
     Time to read and match wavefunctions =     32.5 s
       Time to read wavefunctions =      6.8 s
       Time to match wavefunctions =     24.4 s
    Computing current ...
      Computing V =  -1.200
      Computing V =   1.200
    Time for current =      0.1 s
  Calculating kpoint    2 ...
 gx (1:3)=  0.000000000000000E+000  0.441889371574114     
  0.883778743148228     
    Reading and matching wavefunctions ...
     Time to read and match wavefunctions =     32.2 s
       Time to read wavefunctions =      6.7 s
       Time to match wavefunctions =     24.2 s
    Computing current ...
      Computing V =  -1.200
      Computing V =   1.200
    Time for current =      0.1 s
  Calculating kpoint    3 ...
 gx (1:3)=  0.147296457191355       0.589185828765469     
   1.03107520033958     
    Reading and matching wavefunctions ...
     Time to read and match wavefunctions =     32.3 s
       Time to read wavefunctions =      6.8 s
       Time to match wavefunctions =     24.3 s
    Computing current ...
      Computing V =  -1.200
      Computing V =   1.200
    Time for current =      0.1 s
  Calculating kpoint    4 ...
 gx (1:3)=  0.147296457191355       0.589185828765469     
   1.03107520033958     
    Reading and matching wavefunctions ...
     Time to read and match wavefunctions =     32.3 s
       Time to read wavefunctions =      6.7 s
       Time to match wavefunctions =     24.3 s
    Computing current ...
      Computing V =  -1.200
      Computing V =   1.200
    Time for current =      0.1 s
  Calculating kpoint    5 ...
 gx (1:3)=  0.147296457191355       0.589185828765469     
   1.03107520033958     
    Reading and matching wavefunctions ...
     Time to read and match wavefunctions =     32.3 s
       Time to read wavefunctions =      6.8 s
       Time to match wavefunctions =     24.3 s
    Computing current ...
      Computing V =  -1.200
      Computing V =   1.200
    Time for current =      0.1 s
 Writing files ...
Output in WSxM format. Output will be multiplied by    1000.
Output for gnuplot
 Time to write files =      2.3 s
